The system is: Linux - 5.15.32-1-MANJARO - x86_64
Compiling the C compiler identification source file "CMakeCCompilerId.c" succeeded.
Compiler: /opt/gcc/10.3.0/bin/gcc 
Build flags: 
Id flags:  

The output was:
0


Compilation of the C compiler identification source "CMakeCCompilerId.c" produced "a.out"

The C compiler identification is GNU, found in "/home/luis/repos/lulivi-rticonnextdds-examples/examples/connext_dds/property_qos/c++98/buil/CMakeFiles/3.12.4/CompilerIdC/a.out"

Compiling the CXX compiler identification source file "CMakeCXXCompilerId.cpp" succeeded.
Compiler: /opt/gcc/10.3.0/bin/g++ 
Build flags: 
Id flags:  

The output was:
0


Compilation of the CXX compiler identification source "CMakeCXXCompilerId.cpp" produced "a.out"

The CXX compiler identification is GNU, found in "/home/luis/repos/lulivi-rticonnextdds-examples/examples/connext_dds/property_qos/c++98/buil/CMakeFiles/3.12.4/CompilerIdCXX/a.out"

Determining if the C compiler works passed with the following output:
Change Dir: /home/luis/repos/lulivi-rticonnextdds-examples/examples/connext_dds/property_qos/c++98/buil/CMakeFiles/CMakeTmp

Run Build Command:"/usr/bin/gmake" "cmTC_3f0e2/fast"
/usr/bin/gmake -f CMakeFiles/cmTC_3f0e2.dir/build.make CMakeFiles/cmTC_3f0e2.dir/build
gmake[1]: Entering directory '/home/luis/repos/lulivi-rticonnextdds-examples/examples/connext_dds/property_qos/c++98/buil/CMakeFiles/CMakeTmp'
Building C object CMakeFiles/cmTC_3f0e2.dir/testCCompiler.c.o
/opt/gcc/10.3.0/bin/gcc    -o CMakeFiles/cmTC_3f0e2.dir/testCCompiler.c.o   -c /home/luis/repos/lulivi-rticonnextdds-examples/examples/connext_dds/property_qos/c++98/buil/CMakeFiles/CMakeTmp/testCCompiler.c
Linking C executable cmTC_3f0e2
/opt/cmake/3.12/bin/cmake -E cmake_link_script CMakeFiles/cmTC_3f0e2.dir/link.txt --verbose=1
/opt/gcc/10.3.0/bin/gcc      CMakeFiles/cmTC_3f0e2.dir/testCCompiler.c.o  -o cmTC_3f0e2 
gmake[1]: Leaving directory '/home/luis/repos/lulivi-rticonnextdds-examples/examples/connext_dds/property_qos/c++98/buil/CMakeFiles/CMakeTmp'


Detecting C compiler ABI info compiled with the following output:
Change Dir: /home/luis/repos/lulivi-rticonnextdds-examples/examples/connext_dds/property_qos/c++98/buil/CMakeFiles/CMakeTmp

Run Build Command:"/usr/bin/gmake" "cmTC_bc087/fast"
/usr/bin/gmake -f CMakeFiles/cmTC_bc087.dir/build.make CMakeFiles/cmTC_bc087.dir/build
gmake[1]: Entering directory '/home/luis/repos/lulivi-rticonnextdds-examples/examples/connext_dds/property_qos/c++98/buil/CMakeFiles/CMakeTmp'
Building C object CMakeFiles/cmTC_bc087.dir/CMakeCCompilerABI.c.o
/opt/gcc/10.3.0/bin/gcc    -o CMakeFiles/cmTC_bc087.dir/CMakeCCompilerABI.c.o   -c /opt/cmake/3.12/share/cmake-3.12/Modules/CMakeCCompilerABI.c
Linking C executable cmTC_bc087
/opt/cmake/3.12/bin/cmake -E cmake_link_script CMakeFiles/cmTC_bc087.dir/link.txt --verbose=1
/opt/gcc/10.3.0/bin/gcc     -v CMakeFiles/cmTC_bc087.dir/CMakeCCompilerABI.c.o  -o cmTC_bc087 
Using built-in specs.
COLLECT_GCC=/opt/gcc/10.3.0/bin/gcc
COLLECT_LTO_WRAPPER=/opt/gcc/10.3.0/bin/../libexec/gcc/x86_64-pc-linux-gnu/10.3.0/lto-wrapper
Target: x86_64-pc-linux-gnu
Configured with: ./configure --prefix=/opt/gcc10
Thread model: posix
Supported LTO compression algorithms: zlib zstd
gcc version 10.3.0 (GCC) 
COMPILER_PATH=/opt/gcc/10.3.0/bin/../libexec/gcc/x86_64-pc-linux-gnu/10.3.0/:/opt/gcc/10.3.0/bin/../libexec/gcc/
LIBRARY_PATH=/opt/gcc/10.3.0/bin/../lib/gcc/x86_64-pc-linux-gnu/10.3.0/:/opt/gcc/10.3.0/bin/../lib/gcc/:/opt/gcc/10.3.0/bin/../lib/gcc/x86_64-pc-linux-gnu/10.3.0/../../../../lib64/:/lib/../lib64/:/usr/lib/../lib64/:/opt/gcc/10.3.0/bin/../lib/gcc/x86_64-pc-linux-gnu/10.3.0/../../../:/lib/:/usr/lib/
COLLECT_GCC_OPTIONS='-v' '-o' 'cmTC_bc087' '-mtune=generic' '-march=x86-64'
 /opt/gcc/10.3.0/bin/../libexec/gcc/x86_64-pc-linux-gnu/10.3.0/collect2 -plugin /opt/gcc/10.3.0/bin/../libexec/gcc/x86_64-pc-linux-gnu/10.3.0/liblto_plugin.so -plugin-opt=/opt/gcc/10.3.0/bin/../libexec/gcc/x86_64-pc-linux-gnu/10.3.0/lto-wrapper -plugin-opt=-fresolution=/tmp/ccUvUxPC.res -plugin-opt=-pass-through=-lgcc -plugin-opt=-pass-through=-lgcc_s -plugin-opt=-pass-through=-lc -plugin-opt=-pass-through=-lgcc -plugin-opt=-pass-through=-lgcc_s --eh-frame-hdr -m elf_x86_64 -dynamic-linker /lib64/ld-linux-x86-64.so.2 -o cmTC_bc087 /lib/../lib64/crt1.o /lib/../lib64/crti.o /opt/gcc/10.3.0/bin/../lib/gcc/x86_64-pc-linux-gnu/10.3.0/crtbegin.o -L/opt/gcc/10.3.0/bin/../lib/gcc/x86_64-pc-linux-gnu/10.3.0 -L/opt/gcc/10.3.0/bin/../lib/gcc -L/opt/gcc/10.3.0/bin/../lib/gcc/x86_64-pc-linux-gnu/10.3.0/../../../../lib64 -L/lib/../lib64 -L/usr/lib/../lib64 -L/opt/gcc/10.3.0/bin/../lib/gcc/x86_64-pc-linux-gnu/10.3.0/../../.. CMakeFiles/cmTC_bc087.dir/CMakeCCompilerABI.c.o -lgcc --push-state --as-needed -lgcc_s --pop-state -lc -lgcc --push-state --as-needed -lgcc_s --pop-state /opt/gcc/10.3.0/bin/../lib/gcc/x86_64-pc-linux-gnu/10.3.0/crtend.o /lib/../lib64/crtn.o
COLLECT_GCC_OPTIONS='-v' '-o' 'cmTC_bc087' '-mtune=generic' '-march=x86-64'
gmake[1]: Leaving directory '/home/luis/repos/lulivi-rticonnextdds-examples/examples/connext_dds/property_qos/c++98/buil/CMakeFiles/CMakeTmp'


Parsed C implicit link information from above output:
  link line regex: [^( *|.*[/\])(ld|CMAKE_LINK_STARTFILE-NOTFOUND|([^/\]+-)?ld|collect2)[^/\]*( |$)]
  ignore line: [Change Dir: /home/luis/repos/lulivi-rticonnextdds-examples/examples/connext_dds/property_qos/c++98/buil/CMakeFiles/CMakeTmp]
  ignore line: []
  ignore line: [Run Build Command:"/usr/bin/gmake" "cmTC_bc087/fast"]
  ignore line: [/usr/bin/gmake -f CMakeFiles/cmTC_bc087.dir/build.make CMakeFiles/cmTC_bc087.dir/build]
  ignore line: [gmake[1]: Entering directory '/home/luis/repos/lulivi-rticonnextdds-examples/examples/connext_dds/property_qos/c++98/buil/CMakeFiles/CMakeTmp']
  ignore line: [Building C object CMakeFiles/cmTC_bc087.dir/CMakeCCompilerABI.c.o]
  ignore line: [/opt/gcc/10.3.0/bin/gcc    -o CMakeFiles/cmTC_bc087.dir/CMakeCCompilerABI.c.o   -c /opt/cmake/3.12/share/cmake-3.12/Modules/CMakeCCompilerABI.c]
  ignore line: [Linking C executable cmTC_bc087]
  ignore line: [/opt/cmake/3.12/bin/cmake -E cmake_link_script CMakeFiles/cmTC_bc087.dir/link.txt --verbose=1]
  ignore line: [/opt/gcc/10.3.0/bin/gcc     -v CMakeFiles/cmTC_bc087.dir/CMakeCCompilerABI.c.o  -o cmTC_bc087 ]
  ignore line: [Using built-in specs.]
  ignore line: [COLLECT_GCC=/opt/gcc/10.3.0/bin/gcc]
  ignore line: [COLLECT_LTO_WRAPPER=/opt/gcc/10.3.0/bin/../libexec/gcc/x86_64-pc-linux-gnu/10.3.0/lto-wrapper]
  ignore line: [Target: x86_64-pc-linux-gnu]
  ignore line: [Configured with: ./configure --prefix=/opt/gcc10]
  ignore line: [Thread model: posix]
  ignore line: [Supported LTO compression algorithms: zlib zstd]
  ignore line: [gcc version 10.3.0 (GCC) ]
  ignore line: [COMPILER_PATH=/opt/gcc/10.3.0/bin/../libexec/gcc/x86_64-pc-linux-gnu/10.3.0/:/opt/gcc/10.3.0/bin/../libexec/gcc/]
  ignore line: [LIBRARY_PATH=/opt/gcc/10.3.0/bin/../lib/gcc/x86_64-pc-linux-gnu/10.3.0/:/opt/gcc/10.3.0/bin/../lib/gcc/:/opt/gcc/10.3.0/bin/../lib/gcc/x86_64-pc-linux-gnu/10.3.0/../../../../lib64/:/lib/../lib64/:/usr/lib/../lib64/:/opt/gcc/10.3.0/bin/../lib/gcc/x86_64-pc-linux-gnu/10.3.0/../../../:/lib/:/usr/lib/]
  ignore line: [COLLECT_GCC_OPTIONS='-v' '-o' 'cmTC_bc087' '-mtune=generic' '-march=x86-64']
  link line: [ /opt/gcc/10.3.0/bin/../libexec/gcc/x86_64-pc-linux-gnu/10.3.0/collect2 -plugin /opt/gcc/10.3.0/bin/../libexec/gcc/x86_64-pc-linux-gnu/10.3.0/liblto_plugin.so -plugin-opt=/opt/gcc/10.3.0/bin/../libexec/gcc/x86_64-pc-linux-gnu/10.3.0/lto-wrapper -plugin-opt=-fresolution=/tmp/ccUvUxPC.res -plugin-opt=-pass-through=-lgcc -plugin-opt=-pass-through=-lgcc_s -plugin-opt=-pass-through=-lc -plugin-opt=-pass-through=-lgcc -plugin-opt=-pass-through=-lgcc_s --eh-frame-hdr -m elf_x86_64 -dynamic-linker /lib64/ld-linux-x86-64.so.2 -o cmTC_bc087 /lib/../lib64/crt1.o /lib/../lib64/crti.o /opt/gcc/10.3.0/bin/../lib/gcc/x86_64-pc-linux-gnu/10.3.0/crtbegin.o -L/opt/gcc/10.3.0/bin/../lib/gcc/x86_64-pc-linux-gnu/10.3.0 -L/opt/gcc/10.3.0/bin/../lib/gcc -L/opt/gcc/10.3.0/bin/../lib/gcc/x86_64-pc-linux-gnu/10.3.0/../../../../lib64 -L/lib/../lib64 -L/usr/lib/../lib64 -L/opt/gcc/10.3.0/bin/../lib/gcc/x86_64-pc-linux-gnu/10.3.0/../../.. CMakeFiles/cmTC_bc087.dir/CMakeCCompilerABI.c.o -lgcc --push-state --as-needed -lgcc_s --pop-state -lc -lgcc --push-state --as-needed -lgcc_s --pop-state /opt/gcc/10.3.0/bin/../lib/gcc/x86_64-pc-linux-gnu/10.3.0/crtend.o /lib/../lib64/crtn.o]
    arg [/opt/gcc/10.3.0/bin/../libexec/gcc/x86_64-pc-linux-gnu/10.3.0/collect2] ==> ignore
    arg [-plugin] ==> ignore
    arg [/opt/gcc/10.3.0/bin/../libexec/gcc/x86_64-pc-linux-gnu/10.3.0/liblto_plugin.so] ==> ignore
    arg [-plugin-opt=/opt/gcc/10.3.0/bin/../libexec/gcc/x86_64-pc-linux-gnu/10.3.0/lto-wrapper] ==> ignore
    arg [-plugin-opt=-fresolution=/tmp/ccUvUxPC.res] ==> ignore
    arg [-plugin-opt=-pass-through=-lgcc] ==> ignore
    arg [-plugin-opt=-pass-through=-lgcc_s] ==> ignore
    arg [-plugin-opt=-pass-through=-lc] ==> ignore
    arg [-plugin-opt=-pass-through=-lgcc] ==> ignore
    arg [-plugin-opt=-pass-through=-lgcc_s] ==> ignore
    arg [--eh-frame-hdr] ==> ignore
    arg [-m] ==> ignore
    arg [elf_x86_64] ==> ignore
    arg [-dynamic-linker] ==> ignore
    arg [/lib64/ld-linux-x86-64.so.2] ==> ignore
    arg [-o] ==> ignore
    arg [cmTC_bc087] ==> ignore
    arg [/lib/../lib64/crt1.o] ==> ignore
    arg [/lib/../lib64/crti.o] ==> ignore
    arg [/opt/gcc/10.3.0/bin/../lib/gcc/x86_64-pc-linux-gnu/10.3.0/crtbegin.o] ==> ignore
    arg [-L/opt/gcc/10.3.0/bin/../lib/gcc/x86_64-pc-linux-gnu/10.3.0] ==> dir [/opt/gcc/10.3.0/bin/../lib/gcc/x86_64-pc-linux-gnu/10.3.0]
    arg [-L/opt/gcc/10.3.0/bin/../lib/gcc] ==> dir [/opt/gcc/10.3.0/bin/../lib/gcc]
    arg [-L/opt/gcc/10.3.0/bin/../lib/gcc/x86_64-pc-linux-gnu/10.3.0/../../../../lib64] ==> dir [/opt/gcc/10.3.0/bin/../lib/gcc/x86_64-pc-linux-gnu/10.3.0/../../../../lib64]
    arg [-L/lib/../lib64] ==> dir [/lib/../lib64]
    arg [-L/usr/lib/../lib64] ==> dir [/usr/lib/../lib64]
    arg [-L/opt/gcc/10.3.0/bin/../lib/gcc/x86_64-pc-linux-gnu/10.3.0/../../..] ==> dir [/opt/gcc/10.3.0/bin/../lib/gcc/x86_64-pc-linux-gnu/10.3.0/../../..]
    arg [CMakeFiles/cmTC_bc087.dir/CMakeCCompilerABI.c.o] ==> ignore
    arg [-lgcc] ==> lib [gcc]
    arg [--push-state] ==> ignore
    arg [--as-needed] ==> ignore
    arg [-lgcc_s] ==> lib [gcc_s]
    arg [--pop-state] ==> ignore
    arg [-lc] ==> lib [c]
    arg [-lgcc] ==> lib [gcc]
    arg [--push-state] ==> ignore
    arg [--as-needed] ==> ignore
    arg [-lgcc_s] ==> lib [gcc_s]
    arg [--pop-state] ==> ignore
    arg [/opt/gcc/10.3.0/bin/../lib/gcc/x86_64-pc-linux-gnu/10.3.0/crtend.o] ==> ignore
    arg [/lib/../lib64/crtn.o] ==> ignore
  collapse library dir [/opt/gcc/10.3.0/bin/../lib/gcc/x86_64-pc-linux-gnu/10.3.0] ==> [/opt/gcc/10.3.0/lib/gcc/x86_64-pc-linux-gnu/10.3.0]
  collapse library dir [/opt/gcc/10.3.0/bin/../lib/gcc] ==> [/opt/gcc/10.3.0/lib/gcc]
  collapse library dir [/opt/gcc/10.3.0/bin/../lib/gcc/x86_64-pc-linux-gnu/10.3.0/../../../../lib64] ==> [/opt/gcc/10.3.0/lib64]
  collapse library dir [/lib/../lib64] ==> [/lib64]
  collapse library dir [/usr/lib/../lib64] ==> [/usr/lib64]
  collapse library dir [/opt/gcc/10.3.0/bin/../lib/gcc/x86_64-pc-linux-gnu/10.3.0/../../..] ==> [/opt/gcc/10.3.0/lib]
  implicit libs: [gcc;gcc_s;c;gcc;gcc_s]
  implicit dirs: [/opt/gcc/10.3.0/lib/gcc/x86_64-pc-linux-gnu/10.3.0;/opt/gcc/10.3.0/lib/gcc;/opt/gcc/10.3.0/lib64;/lib64;/usr/lib64;/opt/gcc/10.3.0/lib]
  implicit fwks: []




Detecting C [-std=c11] compiler features compiled with the following output:
Change Dir: /home/luis/repos/lulivi-rticonnextdds-examples/examples/connext_dds/property_qos/c++98/buil/CMakeFiles/CMakeTmp

Run Build Command:"/usr/bin/gmake" "cmTC_1e176/fast"
/usr/bin/gmake -f CMakeFiles/cmTC_1e176.dir/build.make CMakeFiles/cmTC_1e176.dir/build
gmake[1]: Entering directory '/home/luis/repos/lulivi-rticonnextdds-examples/examples/connext_dds/property_qos/c++98/buil/CMakeFiles/CMakeTmp'
Building C object CMakeFiles/cmTC_1e176.dir/feature_tests.c.o
/opt/gcc/10.3.0/bin/gcc   -std=c11 -o CMakeFiles/cmTC_1e176.dir/feature_tests.c.o   -c /home/luis/repos/lulivi-rticonnextdds-examples/examples/connext_dds/property_qos/c++98/buil/CMakeFiles/feature_tests.c
Linking C executable cmTC_1e176
/opt/cmake/3.12/bin/cmake -E cmake_link_script CMakeFiles/cmTC_1e176.dir/link.txt --verbose=1
/opt/gcc/10.3.0/bin/gcc      CMakeFiles/cmTC_1e176.dir/feature_tests.c.o  -o cmTC_1e176 
gmake[1]: Leaving directory '/home/luis/repos/lulivi-rticonnextdds-examples/examples/connext_dds/property_qos/c++98/buil/CMakeFiles/CMakeTmp'


    Feature record: C_FEATURE:1c_function_prototypes
    Feature record: C_FEATURE:1c_restrict
    Feature record: C_FEATURE:1c_static_assert
    Feature record: C_FEATURE:1c_variadic_macros


Detecting C [-std=c99] compiler features compiled with the following output:
Change Dir: /home/luis/repos/lulivi-rticonnextdds-examples/examples/connext_dds/property_qos/c++98/buil/CMakeFiles/CMakeTmp

Run Build Command:"/usr/bin/gmake" "cmTC_b6c4c/fast"
/usr/bin/gmake -f CMakeFiles/cmTC_b6c4c.dir/build.make CMakeFiles/cmTC_b6c4c.dir/build
gmake[1]: Entering directory '/home/luis/repos/lulivi-rticonnextdds-examples/examples/connext_dds/property_qos/c++98/buil/CMakeFiles/CMakeTmp'
Building C object CMakeFiles/cmTC_b6c4c.dir/feature_tests.c.o
/opt/gcc/10.3.0/bin/gcc   -std=c99 -o CMakeFiles/cmTC_b6c4c.dir/feature_tests.c.o   -c /home/luis/repos/lulivi-rticonnextdds-examples/examples/connext_dds/property_qos/c++98/buil/CMakeFiles/feature_tests.c
Linking C executable cmTC_b6c4c
/opt/cmake/3.12/bin/cmake -E cmake_link_script CMakeFiles/cmTC_b6c4c.dir/link.txt --verbose=1
/opt/gcc/10.3.0/bin/gcc      CMakeFiles/cmTC_b6c4c.dir/feature_tests.c.o  -o cmTC_b6c4c 
gmake[1]: Leaving directory '/home/luis/repos/lulivi-rticonnextdds-examples/examples/connext_dds/property_qos/c++98/buil/CMakeFiles/CMakeTmp'


    Feature record: C_FEATURE:1c_function_prototypes
    Feature record: C_FEATURE:1c_restrict
    Feature record: C_FEATURE:0c_static_assert
    Feature record: C_FEATURE:1c_variadic_macros


Detecting C [-std=c90] compiler features compiled with the following output:
Change Dir: /home/luis/repos/lulivi-rticonnextdds-examples/examples/connext_dds/property_qos/c++98/buil/CMakeFiles/CMakeTmp

Run Build Command:"/usr/bin/gmake" "cmTC_63b91/fast"
/usr/bin/gmake -f CMakeFiles/cmTC_63b91.dir/build.make CMakeFiles/cmTC_63b91.dir/build
gmake[1]: Entering directory '/home/luis/repos/lulivi-rticonnextdds-examples/examples/connext_dds/property_qos/c++98/buil/CMakeFiles/CMakeTmp'
Building C object CMakeFiles/cmTC_63b91.dir/feature_tests.c.o
/opt/gcc/10.3.0/bin/gcc   -std=c90 -o CMakeFiles/cmTC_63b91.dir/feature_tests.c.o   -c /home/luis/repos/lulivi-rticonnextdds-examples/examples/connext_dds/property_qos/c++98/buil/CMakeFiles/feature_tests.c
Linking C executable cmTC_63b91
/opt/cmake/3.12/bin/cmake -E cmake_link_script CMakeFiles/cmTC_63b91.dir/link.txt --verbose=1
/opt/gcc/10.3.0/bin/gcc      CMakeFiles/cmTC_63b91.dir/feature_tests.c.o  -o cmTC_63b91 
gmake[1]: Leaving directory '/home/luis/repos/lulivi-rticonnextdds-examples/examples/connext_dds/property_qos/c++98/buil/CMakeFiles/CMakeTmp'


    Feature record: C_FEATURE:1c_function_prototypes
    Feature record: C_FEATURE:0c_restrict
    Feature record: C_FEATURE:0c_static_assert
    Feature record: C_FEATURE:0c_variadic_macros
Determining if the CXX compiler works passed with the following output:
Change Dir: /home/luis/repos/lulivi-rticonnextdds-examples/examples/connext_dds/property_qos/c++98/buil/CMakeFiles/CMakeTmp

Run Build Command:"/usr/bin/gmake" "cmTC_7fec2/fast"
/usr/bin/gmake -f CMakeFiles/cmTC_7fec2.dir/build.make CMakeFiles/cmTC_7fec2.dir/build
gmake[1]: Entering directory '/home/luis/repos/lulivi-rticonnextdds-examples/examples/connext_dds/property_qos/c++98/buil/CMakeFiles/CMakeTmp'
Building CXX object CMakeFiles/cmTC_7fec2.dir/testCXXCompiler.cxx.o
/opt/gcc/10.3.0/bin/g++     -o CMakeFiles/cmTC_7fec2.dir/testCXXCompiler.cxx.o -c /home/luis/repos/lulivi-rticonnextdds-examples/examples/connext_dds/property_qos/c++98/buil/CMakeFiles/CMakeTmp/testCXXCompiler.cxx
Linking CXX executable cmTC_7fec2
/opt/cmake/3.12/bin/cmake -E cmake_link_script CMakeFiles/cmTC_7fec2.dir/link.txt --verbose=1
/opt/gcc/10.3.0/bin/g++       CMakeFiles/cmTC_7fec2.dir/testCXXCompiler.cxx.o  -o cmTC_7fec2 
gmake[1]: Leaving directory '/home/luis/repos/lulivi-rticonnextdds-examples/examples/connext_dds/property_qos/c++98/buil/CMakeFiles/CMakeTmp'


Detecting CXX compiler ABI info compiled with the following output:
Change Dir: /home/luis/repos/lulivi-rticonnextdds-examples/examples/connext_dds/property_qos/c++98/buil/CMakeFiles/CMakeTmp

Run Build Command:"/usr/bin/gmake" "cmTC_def0d/fast"
/usr/bin/gmake -f CMakeFiles/cmTC_def0d.dir/build.make CMakeFiles/cmTC_def0d.dir/build
gmake[1]: Entering directory '/home/luis/repos/lulivi-rticonnextdds-examples/examples/connext_dds/property_qos/c++98/buil/CMakeFiles/CMakeTmp'
Building CXX object CMakeFiles/cmTC_def0d.dir/CMakeCXXCompilerABI.cpp.o
/opt/gcc/10.3.0/bin/g++     -o CMakeFiles/cmTC_def0d.dir/CMakeCXXCompilerABI.cpp.o -c /opt/cmake/3.12/share/cmake-3.12/Modules/CMakeCXXCompilerABI.cpp
Linking CXX executable cmTC_def0d
/opt/cmake/3.12/bin/cmake -E cmake_link_script CMakeFiles/cmTC_def0d.dir/link.txt --verbose=1
/opt/gcc/10.3.0/bin/g++      -v CMakeFiles/cmTC_def0d.dir/CMakeCXXCompilerABI.cpp.o  -o cmTC_def0d 
Using built-in specs.
COLLECT_GCC=/opt/gcc/10.3.0/bin/g++
COLLECT_LTO_WRAPPER=/opt/gcc/10.3.0/bin/../libexec/gcc/x86_64-pc-linux-gnu/10.3.0/lto-wrapper
Target: x86_64-pc-linux-gnu
Configured with: ./configure --prefix=/opt/gcc10
Thread model: posix
Supported LTO compression algorithms: zlib zstd
gcc version 10.3.0 (GCC) 
COMPILER_PATH=/opt/gcc/10.3.0/bin/../libexec/gcc/x86_64-pc-linux-gnu/10.3.0/:/opt/gcc/10.3.0/bin/../libexec/gcc/
LIBRARY_PATH=/opt/gcc/10.3.0/bin/../lib/gcc/x86_64-pc-linux-gnu/10.3.0/:/opt/gcc/10.3.0/bin/../lib/gcc/:/opt/gcc/10.3.0/bin/../lib/gcc/x86_64-pc-linux-gnu/10.3.0/../../../../lib64/:/lib/../lib64/:/usr/lib/../lib64/:/opt/gcc/10.3.0/bin/../lib/gcc/x86_64-pc-linux-gnu/10.3.0/../../../:/lib/:/usr/lib/
COLLECT_GCC_OPTIONS='-v' '-o' 'cmTC_def0d' '-shared-libgcc' '-mtune=generic' '-march=x86-64'
 /opt/gcc/10.3.0/bin/../libexec/gcc/x86_64-pc-linux-gnu/10.3.0/collect2 -plugin /opt/gcc/10.3.0/bin/../libexec/gcc/x86_64-pc-linux-gnu/10.3.0/liblto_plugin.so -plugin-opt=/opt/gcc/10.3.0/bin/../libexec/gcc/x86_64-pc-linux-gnu/10.3.0/lto-wrapper -plugin-opt=-fresolution=/tmp/ccPy4hPx.res -plugin-opt=-pass-through=-lgcc_s -plugin-opt=-pass-through=-lgcc -plugin-opt=-pass-through=-lc -plugin-opt=-pass-through=-lgcc_s -plugin-opt=-pass-through=-lgcc --eh-frame-hdr -m elf_x86_64 -dynamic-linker /lib64/ld-linux-x86-64.so.2 -o cmTC_def0d /lib/../lib64/crt1.o /lib/../lib64/crti.o /opt/gcc/10.3.0/bin/../lib/gcc/x86_64-pc-linux-gnu/10.3.0/crtbegin.o -L/opt/gcc/10.3.0/bin/../lib/gcc/x86_64-pc-linux-gnu/10.3.0 -L/opt/gcc/10.3.0/bin/../lib/gcc -L/opt/gcc/10.3.0/bin/../lib/gcc/x86_64-pc-linux-gnu/10.3.0/../../../../lib64 -L/lib/../lib64 -L/usr/lib/../lib64 -L/opt/gcc/10.3.0/bin/../lib/gcc/x86_64-pc-linux-gnu/10.3.0/../../.. CMakeFiles/cmTC_def0d.dir/CMakeCXXCompilerABI.cpp.o -lstdc++ -lm -lgcc_s -lgcc -lc -lgcc_s -lgcc /opt/gcc/10.3.0/bin/../lib/gcc/x86_64-pc-linux-gnu/10.3.0/crtend.o /lib/../lib64/crtn.o
COLLECT_GCC_OPTIONS='-v' '-o' 'cmTC_def0d' '-shared-libgcc' '-mtune=generic' '-march=x86-64'
gmake[1]: Leaving directory '/home/luis/repos/lulivi-rticonnextdds-examples/examples/connext_dds/property_qos/c++98/buil/CMakeFiles/CMakeTmp'


Parsed CXX implicit link information from above output:
  link line regex: [^( *|.*[/\])(ld|CMAKE_LINK_STARTFILE-NOTFOUND|([^/\]+-)?ld|collect2)[^/\]*( |$)]
  ignore line: [Change Dir: /home/luis/repos/lulivi-rticonnextdds-examples/examples/connext_dds/property_qos/c++98/buil/CMakeFiles/CMakeTmp]
  ignore line: []
  ignore line: [Run Build Command:"/usr/bin/gmake" "cmTC_def0d/fast"]
  ignore line: [/usr/bin/gmake -f CMakeFiles/cmTC_def0d.dir/build.make CMakeFiles/cmTC_def0d.dir/build]
  ignore line: [gmake[1]: Entering directory '/home/luis/repos/lulivi-rticonnextdds-examples/examples/connext_dds/property_qos/c++98/buil/CMakeFiles/CMakeTmp']
  ignore line: [Building CXX object CMakeFiles/cmTC_def0d.dir/CMakeCXXCompilerABI.cpp.o]
  ignore line: [/opt/gcc/10.3.0/bin/g++     -o CMakeFiles/cmTC_def0d.dir/CMakeCXXCompilerABI.cpp.o -c /opt/cmake/3.12/share/cmake-3.12/Modules/CMakeCXXCompilerABI.cpp]
  ignore line: [Linking CXX executable cmTC_def0d]
  ignore line: [/opt/cmake/3.12/bin/cmake -E cmake_link_script CMakeFiles/cmTC_def0d.dir/link.txt --verbose=1]
  ignore line: [/opt/gcc/10.3.0/bin/g++      -v CMakeFiles/cmTC_def0d.dir/CMakeCXXCompilerABI.cpp.o  -o cmTC_def0d ]
  ignore line: [Using built-in specs.]
  ignore line: [COLLECT_GCC=/opt/gcc/10.3.0/bin/g++]
  ignore line: [COLLECT_LTO_WRAPPER=/opt/gcc/10.3.0/bin/../libexec/gcc/x86_64-pc-linux-gnu/10.3.0/lto-wrapper]
  ignore line: [Target: x86_64-pc-linux-gnu]
  ignore line: [Configured with: ./configure --prefix=/opt/gcc10]
  ignore line: [Thread model: posix]
  ignore line: [Supported LTO compression algorithms: zlib zstd]
  ignore line: [gcc version 10.3.0 (GCC) ]
  ignore line: [COMPILER_PATH=/opt/gcc/10.3.0/bin/../libexec/gcc/x86_64-pc-linux-gnu/10.3.0/:/opt/gcc/10.3.0/bin/../libexec/gcc/]
  ignore line: [LIBRARY_PATH=/opt/gcc/10.3.0/bin/../lib/gcc/x86_64-pc-linux-gnu/10.3.0/:/opt/gcc/10.3.0/bin/../lib/gcc/:/opt/gcc/10.3.0/bin/../lib/gcc/x86_64-pc-linux-gnu/10.3.0/../../../../lib64/:/lib/../lib64/:/usr/lib/../lib64/:/opt/gcc/10.3.0/bin/../lib/gcc/x86_64-pc-linux-gnu/10.3.0/../../../:/lib/:/usr/lib/]
  ignore line: [COLLECT_GCC_OPTIONS='-v' '-o' 'cmTC_def0d' '-shared-libgcc' '-mtune=generic' '-march=x86-64']
  link line: [ /opt/gcc/10.3.0/bin/../libexec/gcc/x86_64-pc-linux-gnu/10.3.0/collect2 -plugin /opt/gcc/10.3.0/bin/../libexec/gcc/x86_64-pc-linux-gnu/10.3.0/liblto_plugin.so -plugin-opt=/opt/gcc/10.3.0/bin/../libexec/gcc/x86_64-pc-linux-gnu/10.3.0/lto-wrapper -plugin-opt=-fresolution=/tmp/ccPy4hPx.res -plugin-opt=-pass-through=-lgcc_s -plugin-opt=-pass-through=-lgcc -plugin-opt=-pass-through=-lc -plugin-opt=-pass-through=-lgcc_s -plugin-opt=-pass-through=-lgcc --eh-frame-hdr -m elf_x86_64 -dynamic-linker /lib64/ld-linux-x86-64.so.2 -o cmTC_def0d /lib/../lib64/crt1.o /lib/../lib64/crti.o /opt/gcc/10.3.0/bin/../lib/gcc/x86_64-pc-linux-gnu/10.3.0/crtbegin.o -L/opt/gcc/10.3.0/bin/../lib/gcc/x86_64-pc-linux-gnu/10.3.0 -L/opt/gcc/10.3.0/bin/../lib/gcc -L/opt/gcc/10.3.0/bin/../lib/gcc/x86_64-pc-linux-gnu/10.3.0/../../../../lib64 -L/lib/../lib64 -L/usr/lib/../lib64 -L/opt/gcc/10.3.0/bin/../lib/gcc/x86_64-pc-linux-gnu/10.3.0/../../.. CMakeFiles/cmTC_def0d.dir/CMakeCXXCompilerABI.cpp.o -lstdc++ -lm -lgcc_s -lgcc -lc -lgcc_s -lgcc /opt/gcc/10.3.0/bin/../lib/gcc/x86_64-pc-linux-gnu/10.3.0/crtend.o /lib/../lib64/crtn.o]
    arg [/opt/gcc/10.3.0/bin/../libexec/gcc/x86_64-pc-linux-gnu/10.3.0/collect2] ==> ignore
    arg [-plugin] ==> ignore
    arg [/opt/gcc/10.3.0/bin/../libexec/gcc/x86_64-pc-linux-gnu/10.3.0/liblto_plugin.so] ==> ignore
    arg [-plugin-opt=/opt/gcc/10.3.0/bin/../libexec/gcc/x86_64-pc-linux-gnu/10.3.0/lto-wrapper] ==> ignore
    arg [-plugin-opt=-fresolution=/tmp/ccPy4hPx.res] ==> ignore
    arg [-plugin-opt=-pass-through=-lgcc_s] ==> ignore
    arg [-plugin-opt=-pass-through=-lgcc] ==> ignore
    arg [-plugin-opt=-pass-through=-lc] ==> ignore
    arg [-plugin-opt=-pass-through=-lgcc_s] ==> ignore
    arg [-plugin-opt=-pass-through=-lgcc] ==> ignore
    arg [--eh-frame-hdr] ==> ignore
    arg [-m] ==> ignore
    arg [elf_x86_64] ==> ignore
    arg [-dynamic-linker] ==> ignore
    arg [/lib64/ld-linux-x86-64.so.2] ==> ignore
    arg [-o] ==> ignore
    arg [cmTC_def0d] ==> ignore
    arg [/lib/../lib64/crt1.o] ==> ignore
    arg [/lib/../lib64/crti.o] ==> ignore
    arg [/opt/gcc/10.3.0/bin/../lib/gcc/x86_64-pc-linux-gnu/10.3.0/crtbegin.o] ==> ignore
    arg [-L/opt/gcc/10.3.0/bin/../lib/gcc/x86_64-pc-linux-gnu/10.3.0] ==> dir [/opt/gcc/10.3.0/bin/../lib/gcc/x86_64-pc-linux-gnu/10.3.0]
    arg [-L/opt/gcc/10.3.0/bin/../lib/gcc] ==> dir [/opt/gcc/10.3.0/bin/../lib/gcc]
    arg [-L/opt/gcc/10.3.0/bin/../lib/gcc/x86_64-pc-linux-gnu/10.3.0/../../../../lib64] ==> dir [/opt/gcc/10.3.0/bin/../lib/gcc/x86_64-pc-linux-gnu/10.3.0/../../../../lib64]
    arg [-L/lib/../lib64] ==> dir [/lib/../lib64]
    arg [-L/usr/lib/../lib64] ==> dir [/usr/lib/../lib64]
    arg [-L/opt/gcc/10.3.0/bin/../lib/gcc/x86_64-pc-linux-gnu/10.3.0/../../..] ==> dir [/opt/gcc/10.3.0/bin/../lib/gcc/x86_64-pc-linux-gnu/10.3.0/../../..]
    arg [CMakeFiles/cmTC_def0d.dir/CMakeCXXCompilerABI.cpp.o] ==> ignore
    arg [-lstdc++] ==> lib [stdc++]
    arg [-lm] ==> lib [m]
    arg [-lgcc_s] ==> lib [gcc_s]
    arg [-lgcc] ==> lib [gcc]
    arg [-lc] ==> lib [c]
    arg [-lgcc_s] ==> lib [gcc_s]
    arg [-lgcc] ==> lib [gcc]
    arg [/opt/gcc/10.3.0/bin/../lib/gcc/x86_64-pc-linux-gnu/10.3.0/crtend.o] ==> ignore
    arg [/lib/../lib64/crtn.o] ==> ignore
  collapse library dir [/opt/gcc/10.3.0/bin/../lib/gcc/x86_64-pc-linux-gnu/10.3.0] ==> [/opt/gcc/10.3.0/lib/gcc/x86_64-pc-linux-gnu/10.3.0]
  collapse library dir [/opt/gcc/10.3.0/bin/../lib/gcc] ==> [/opt/gcc/10.3.0/lib/gcc]
  collapse library dir [/opt/gcc/10.3.0/bin/../lib/gcc/x86_64-pc-linux-gnu/10.3.0/../../../../lib64] ==> [/opt/gcc/10.3.0/lib64]
  collapse library dir [/lib/../lib64] ==> [/lib64]
  collapse library dir [/usr/lib/../lib64] ==> [/usr/lib64]
  collapse library dir [/opt/gcc/10.3.0/bin/../lib/gcc/x86_64-pc-linux-gnu/10.3.0/../../..] ==> [/opt/gcc/10.3.0/lib]
  implicit libs: [stdc++;m;gcc_s;gcc;c;gcc_s;gcc]
  implicit dirs: [/opt/gcc/10.3.0/lib/gcc/x86_64-pc-linux-gnu/10.3.0;/opt/gcc/10.3.0/lib/gcc;/opt/gcc/10.3.0/lib64;/lib64;/usr/lib64;/opt/gcc/10.3.0/lib]
  implicit fwks: []




Detecting CXX [-std=c++2a] compiler features compiled with the following output:
Change Dir: /home/luis/repos/lulivi-rticonnextdds-examples/examples/connext_dds/property_qos/c++98/buil/CMakeFiles/CMakeTmp

Run Build Command:"/usr/bin/gmake" "cmTC_3fe54/fast"
/usr/bin/gmake -f CMakeFiles/cmTC_3fe54.dir/build.make CMakeFiles/cmTC_3fe54.dir/build
gmake[1]: Entering directory '/home/luis/repos/lulivi-rticonnextdds-examples/examples/connext_dds/property_qos/c++98/buil/CMakeFiles/CMakeTmp'
Building CXX object CMakeFiles/cmTC_3fe54.dir/feature_tests.cxx.o
/opt/gcc/10.3.0/bin/g++    -std=c++2a -o CMakeFiles/cmTC_3fe54.dir/feature_tests.cxx.o -c /home/luis/repos/lulivi-rticonnextdds-examples/examples/connext_dds/property_qos/c++98/buil/CMakeFiles/feature_tests.cxx
Linking CXX executable cmTC_3fe54
/opt/cmake/3.12/bin/cmake -E cmake_link_script CMakeFiles/cmTC_3fe54.dir/link.txt --verbose=1
/opt/gcc/10.3.0/bin/g++       CMakeFiles/cmTC_3fe54.dir/feature_tests.cxx.o  -o cmTC_3fe54 
gmake[1]: Leaving directory '/home/luis/repos/lulivi-rticonnextdds-examples/examples/connext_dds/property_qos/c++98/buil/CMakeFiles/CMakeTmp'


    Feature record: CXX_FEATURE:1cxx_aggregate_default_initializers
    Feature record: CXX_FEATURE:1cxx_alias_templates
    Feature record: CXX_FEATURE:1cxx_alignas
    Feature record: CXX_FEATURE:1cxx_alignof
    Feature record: CXX_FEATURE:1cxx_attributes
    Feature record: CXX_FEATURE:1cxx_attribute_deprecated
    Feature record: CXX_FEATURE:1cxx_auto_type
    Feature record: CXX_FEATURE:1cxx_binary_literals
    Feature record: CXX_FEATURE:1cxx_constexpr
    Feature record: CXX_FEATURE:1cxx_contextual_conversions
    Feature record: CXX_FEATURE:1cxx_decltype
    Feature record: CXX_FEATURE:1cxx_decltype_auto
    Feature record: CXX_FEATURE:1cxx_decltype_incomplete_return_types
    Feature record: CXX_FEATURE:1cxx_default_function_template_args
    Feature record: CXX_FEATURE:1cxx_defaulted_functions
    Feature record: CXX_FEATURE:1cxx_defaulted_move_initializers
    Feature record: CXX_FEATURE:1cxx_delegating_constructors
    Feature record: CXX_FEATURE:1cxx_deleted_functions
    Feature record: CXX_FEATURE:1cxx_digit_separators
    Feature record: CXX_FEATURE:1cxx_enum_forward_declarations
    Feature record: CXX_FEATURE:1cxx_explicit_conversions
    Feature record: CXX_FEATURE:1cxx_extended_friend_declarations
    Feature record: CXX_FEATURE:1cxx_extern_templates
    Feature record: CXX_FEATURE:1cxx_final
    Feature record: CXX_FEATURE:1cxx_func_identifier
    Feature record: CXX_FEATURE:1cxx_generalized_initializers
    Feature record: CXX_FEATURE:1cxx_generic_lambdas
    Feature record: CXX_FEATURE:1cxx_inheriting_constructors
    Feature record: CXX_FEATURE:1cxx_inline_namespaces
    Feature record: CXX_FEATURE:1cxx_lambdas
    Feature record: CXX_FEATURE:1cxx_lambda_init_captures
    Feature record: CXX_FEATURE:1cxx_local_type_template_args
    Feature record: CXX_FEATURE:1cxx_long_long_type
    Feature record: CXX_FEATURE:1cxx_noexcept
    Feature record: CXX_FEATURE:1cxx_nonstatic_member_init
    Feature record: CXX_FEATURE:1cxx_nullptr
    Feature record: CXX_FEATURE:1cxx_override
    Feature record: CXX_FEATURE:1cxx_range_for
    Feature record: CXX_FEATURE:1cxx_raw_string_literals
    Feature record: CXX_FEATURE:1cxx_reference_qualified_functions
    Feature record: CXX_FEATURE:1cxx_relaxed_constexpr
    Feature record: CXX_FEATURE:1cxx_return_type_deduction
    Feature record: CXX_FEATURE:1cxx_right_angle_brackets
    Feature record: CXX_FEATURE:1cxx_rvalue_references
    Feature record: CXX_FEATURE:1cxx_sizeof_member
    Feature record: CXX_FEATURE:1cxx_static_assert
    Feature record: CXX_FEATURE:1cxx_strong_enums
    Feature record: CXX_FEATURE:1cxx_template_template_parameters
    Feature record: CXX_FEATURE:1cxx_thread_local
    Feature record: CXX_FEATURE:1cxx_trailing_return_types
    Feature record: CXX_FEATURE:1cxx_unicode_literals
    Feature record: CXX_FEATURE:1cxx_uniform_initialization
    Feature record: CXX_FEATURE:1cxx_unrestricted_unions
    Feature record: CXX_FEATURE:1cxx_user_literals
    Feature record: CXX_FEATURE:1cxx_variable_templates
    Feature record: CXX_FEATURE:1cxx_variadic_macros
    Feature record: CXX_FEATURE:1cxx_variadic_templates


Detecting CXX [-std=c++17] compiler features compiled with the following output:
Change Dir: /home/luis/repos/lulivi-rticonnextdds-examples/examples/connext_dds/property_qos/c++98/buil/CMakeFiles/CMakeTmp

Run Build Command:"/usr/bin/gmake" "cmTC_69c4e/fast"
/usr/bin/gmake -f CMakeFiles/cmTC_69c4e.dir/build.make CMakeFiles/cmTC_69c4e.dir/build
gmake[1]: Entering directory '/home/luis/repos/lulivi-rticonnextdds-examples/examples/connext_dds/property_qos/c++98/buil/CMakeFiles/CMakeTmp'
Building CXX object CMakeFiles/cmTC_69c4e.dir/feature_tests.cxx.o
/opt/gcc/10.3.0/bin/g++    -std=c++17 -o CMakeFiles/cmTC_69c4e.dir/feature_tests.cxx.o -c /home/luis/repos/lulivi-rticonnextdds-examples/examples/connext_dds/property_qos/c++98/buil/CMakeFiles/feature_tests.cxx
Linking CXX executable cmTC_69c4e
/opt/cmake/3.12/bin/cmake -E cmake_link_script CMakeFiles/cmTC_69c4e.dir/link.txt --verbose=1
/opt/gcc/10.3.0/bin/g++       CMakeFiles/cmTC_69c4e.dir/feature_tests.cxx.o  -o cmTC_69c4e 
gmake[1]: Leaving directory '/home/luis/repos/lulivi-rticonnextdds-examples/examples/connext_dds/property_qos/c++98/buil/CMakeFiles/CMakeTmp'


    Feature record: CXX_FEATURE:1cxx_aggregate_default_initializers
    Feature record: CXX_FEATURE:1cxx_alias_templates
    Feature record: CXX_FEATURE:1cxx_alignas
    Feature record: CXX_FEATURE:1cxx_alignof
    Feature record: CXX_FEATURE:1cxx_attributes
    Feature record: CXX_FEATURE:1cxx_attribute_deprecated
    Feature record: CXX_FEATURE:1cxx_auto_type
    Feature record: CXX_FEATURE:1cxx_binary_literals
    Feature record: CXX_FEATURE:1cxx_constexpr
    Feature record: CXX_FEATURE:1cxx_contextual_conversions
    Feature record: CXX_FEATURE:1cxx_decltype
    Feature record: CXX_FEATURE:1cxx_decltype_auto
    Feature record: CXX_FEATURE:1cxx_decltype_incomplete_return_types
    Feature record: CXX_FEATURE:1cxx_default_function_template_args
    Feature record: CXX_FEATURE:1cxx_defaulted_functions
    Feature record: CXX_FEATURE:1cxx_defaulted_move_initializers
    Feature record: CXX_FEATURE:1cxx_delegating_constructors
    Feature record: CXX_FEATURE:1cxx_deleted_functions
    Feature record: CXX_FEATURE:1cxx_digit_separators
    Feature record: CXX_FEATURE:1cxx_enum_forward_declarations
    Feature record: CXX_FEATURE:1cxx_explicit_conversions
    Feature record: CXX_FEATURE:1cxx_extended_friend_declarations
    Feature record: CXX_FEATURE:1cxx_extern_templates
    Feature record: CXX_FEATURE:1cxx_final
    Feature record: CXX_FEATURE:1cxx_func_identifier
    Feature record: CXX_FEATURE:1cxx_generalized_initializers
    Feature record: CXX_FEATURE:1cxx_generic_lambdas
    Feature record: CXX_FEATURE:1cxx_inheriting_constructors
    Feature record: CXX_FEATURE:1cxx_inline_namespaces
    Feature record: CXX_FEATURE:1cxx_lambdas
    Feature record: CXX_FEATURE:1cxx_lambda_init_captures
    Feature record: CXX_FEATURE:1cxx_local_type_template_args
    Feature record: CXX_FEATURE:1cxx_long_long_type
    Feature record: CXX_FEATURE:1cxx_noexcept
    Feature record: CXX_FEATURE:1cxx_nonstatic_member_init
    Feature record: CXX_FEATURE:1cxx_nullptr
    Feature record: CXX_FEATURE:1cxx_override
    Feature record: CXX_FEATURE:1cxx_range_for
    Feature record: CXX_FEATURE:1cxx_raw_string_literals
    Feature record: CXX_FEATURE:1cxx_reference_qualified_functions
    Feature record: CXX_FEATURE:1cxx_relaxed_constexpr
    Feature record: CXX_FEATURE:1cxx_return_type_deduction
    Feature record: CXX_FEATURE:1cxx_right_angle_brackets
    Feature record: CXX_FEATURE:1cxx_rvalue_references
    Feature record: CXX_FEATURE:1cxx_sizeof_member
    Feature record: CXX_FEATURE:1cxx_static_assert
    Feature record: CXX_FEATURE:1cxx_strong_enums
    Feature record: CXX_FEATURE:1cxx_template_template_parameters
    Feature record: CXX_FEATURE:1cxx_thread_local
    Feature record: CXX_FEATURE:1cxx_trailing_return_types
    Feature record: CXX_FEATURE:1cxx_unicode_literals
    Feature record: CXX_FEATURE:1cxx_uniform_initialization
    Feature record: CXX_FEATURE:1cxx_unrestricted_unions
    Feature record: CXX_FEATURE:1cxx_user_literals
    Feature record: CXX_FEATURE:1cxx_variable_templates
    Feature record: CXX_FEATURE:1cxx_variadic_macros
    Feature record: CXX_FEATURE:1cxx_variadic_templates


Detecting CXX [-std=c++14] compiler features compiled with the following output:
Change Dir: /home/luis/repos/lulivi-rticonnextdds-examples/examples/connext_dds/property_qos/c++98/buil/CMakeFiles/CMakeTmp

Run Build Command:"/usr/bin/gmake" "cmTC_c4bd9/fast"
/usr/bin/gmake -f CMakeFiles/cmTC_c4bd9.dir/build.make CMakeFiles/cmTC_c4bd9.dir/build
gmake[1]: Entering directory '/home/luis/repos/lulivi-rticonnextdds-examples/examples/connext_dds/property_qos/c++98/buil/CMakeFiles/CMakeTmp'
Building CXX object CMakeFiles/cmTC_c4bd9.dir/feature_tests.cxx.o
/opt/gcc/10.3.0/bin/g++    -std=c++14 -o CMakeFiles/cmTC_c4bd9.dir/feature_tests.cxx.o -c /home/luis/repos/lulivi-rticonnextdds-examples/examples/connext_dds/property_qos/c++98/buil/CMakeFiles/feature_tests.cxx
Linking CXX executable cmTC_c4bd9
/opt/cmake/3.12/bin/cmake -E cmake_link_script CMakeFiles/cmTC_c4bd9.dir/link.txt --verbose=1
/opt/gcc/10.3.0/bin/g++       CMakeFiles/cmTC_c4bd9.dir/feature_tests.cxx.o  -o cmTC_c4bd9 
gmake[1]: Leaving directory '/home/luis/repos/lulivi-rticonnextdds-examples/examples/connext_dds/property_qos/c++98/buil/CMakeFiles/CMakeTmp'


    Feature record: CXX_FEATURE:1cxx_aggregate_default_initializers
    Feature record: CXX_FEATURE:1cxx_alias_templates
    Feature record: CXX_FEATURE:1cxx_alignas
    Feature record: CXX_FEATURE:1cxx_alignof
    Feature record: CXX_FEATURE:1cxx_attributes
    Feature record: CXX_FEATURE:1cxx_attribute_deprecated
    Feature record: CXX_FEATURE:1cxx_auto_type
    Feature record: CXX_FEATURE:1cxx_binary_literals
    Feature record: CXX_FEATURE:1cxx_constexpr
    Feature record: CXX_FEATURE:1cxx_contextual_conversions
    Feature record: CXX_FEATURE:1cxx_decltype
    Feature record: CXX_FEATURE:1cxx_decltype_auto
    Feature record: CXX_FEATURE:1cxx_decltype_incomplete_return_types
    Feature record: CXX_FEATURE:1cxx_default_function_template_args
    Feature record: CXX_FEATURE:1cxx_defaulted_functions
    Feature record: CXX_FEATURE:1cxx_defaulted_move_initializers
    Feature record: CXX_FEATURE:1cxx_delegating_constructors
    Feature record: CXX_FEATURE:1cxx_deleted_functions
    Feature record: CXX_FEATURE:1cxx_digit_separators
    Feature record: CXX_FEATURE:1cxx_enum_forward_declarations
    Feature record: CXX_FEATURE:1cxx_explicit_conversions
    Feature record: CXX_FEATURE:1cxx_extended_friend_declarations
    Feature record: CXX_FEATURE:1cxx_extern_templates
    Feature record: CXX_FEATURE:1cxx_final
    Feature record: CXX_FEATURE:1cxx_func_identifier
    Feature record: CXX_FEATURE:1cxx_generalized_initializers
    Feature record: CXX_FEATURE:1cxx_generic_lambdas
    Feature record: CXX_FEATURE:1cxx_inheriting_constructors
    Feature record: CXX_FEATURE:1cxx_inline_namespaces
    Feature record: CXX_FEATURE:1cxx_lambdas
    Feature record: CXX_FEATURE:1cxx_lambda_init_captures
    Feature record: CXX_FEATURE:1cxx_local_type_template_args
    Feature record: CXX_FEATURE:1cxx_long_long_type
    Feature record: CXX_FEATURE:1cxx_noexcept
    Feature record: CXX_FEATURE:1cxx_nonstatic_member_init
    Feature record: CXX_FEATURE:1cxx_nullptr
    Feature record: CXX_FEATURE:1cxx_override
    Feature record: CXX_FEATURE:1cxx_range_for
    Feature record: CXX_FEATURE:1cxx_raw_string_literals
    Feature record: CXX_FEATURE:1cxx_reference_qualified_functions
    Feature record: CXX_FEATURE:1cxx_relaxed_constexpr
    Feature record: CXX_FEATURE:1cxx_return_type_deduction
    Feature record: CXX_FEATURE:1cxx_right_angle_brackets
    Feature record: CXX_FEATURE:1cxx_rvalue_references
    Feature record: CXX_FEATURE:1cxx_sizeof_member
    Feature record: CXX_FEATURE:1cxx_static_assert
    Feature record: CXX_FEATURE:1cxx_strong_enums
    Feature record: CXX_FEATURE:1cxx_template_template_parameters
    Feature record: CXX_FEATURE:1cxx_thread_local
    Feature record: CXX_FEATURE:1cxx_trailing_return_types
    Feature record: CXX_FEATURE:1cxx_unicode_literals
    Feature record: CXX_FEATURE:1cxx_uniform_initialization
    Feature record: CXX_FEATURE:1cxx_unrestricted_unions
    Feature record: CXX_FEATURE:1cxx_user_literals
    Feature record: CXX_FEATURE:1cxx_variable_templates
    Feature record: CXX_FEATURE:1cxx_variadic_macros
    Feature record: CXX_FEATURE:1cxx_variadic_templates


Detecting CXX [-std=c++11] compiler features compiled with the following output:
Change Dir: /home/luis/repos/lulivi-rticonnextdds-examples/examples/connext_dds/property_qos/c++98/buil/CMakeFiles/CMakeTmp

Run Build Command:"/usr/bin/gmake" "cmTC_50471/fast"
/usr/bin/gmake -f CMakeFiles/cmTC_50471.dir/build.make CMakeFiles/cmTC_50471.dir/build
gmake[1]: Entering directory '/home/luis/repos/lulivi-rticonnextdds-examples/examples/connext_dds/property_qos/c++98/buil/CMakeFiles/CMakeTmp'
Building CXX object CMakeFiles/cmTC_50471.dir/feature_tests.cxx.o
/opt/gcc/10.3.0/bin/g++    -std=c++11 -o CMakeFiles/cmTC_50471.dir/feature_tests.cxx.o -c /home/luis/repos/lulivi-rticonnextdds-examples/examples/connext_dds/property_qos/c++98/buil/CMakeFiles/feature_tests.cxx
Linking CXX executable cmTC_50471
/opt/cmake/3.12/bin/cmake -E cmake_link_script CMakeFiles/cmTC_50471.dir/link.txt --verbose=1
/opt/gcc/10.3.0/bin/g++       CMakeFiles/cmTC_50471.dir/feature_tests.cxx.o  -o cmTC_50471 
gmake[1]: Leaving directory '/home/luis/repos/lulivi-rticonnextdds-examples/examples/connext_dds/property_qos/c++98/buil/CMakeFiles/CMakeTmp'


    Feature record: CXX_FEATURE:0cxx_aggregate_default_initializers
    Feature record: CXX_FEATURE:1cxx_alias_templates
    Feature record: CXX_FEATURE:1cxx_alignas
    Feature record: CXX_FEATURE:1cxx_alignof
    Feature record: CXX_FEATURE:1cxx_attributes
    Feature record: CXX_FEATURE:0cxx_attribute_deprecated
    Feature record: CXX_FEATURE:1cxx_auto_type
    Feature record: CXX_FEATURE:0cxx_binary_literals
    Feature record: CXX_FEATURE:1cxx_constexpr
    Feature record: CXX_FEATURE:0cxx_contextual_conversions
    Feature record: CXX_FEATURE:1cxx_decltype
    Feature record: CXX_FEATURE:0cxx_decltype_auto
    Feature record: CXX_FEATURE:1cxx_decltype_incomplete_return_types
    Feature record: CXX_FEATURE:1cxx_default_function_template_args
    Feature record: CXX_FEATURE:1cxx_defaulted_functions
    Feature record: CXX_FEATURE:1cxx_defaulted_move_initializers
    Feature record: CXX_FEATURE:1cxx_delegating_constructors
    Feature record: CXX_FEATURE:1cxx_deleted_functions
    Feature record: CXX_FEATURE:0cxx_digit_separators
    Feature record: CXX_FEATURE:1cxx_enum_forward_declarations
    Feature record: CXX_FEATURE:1cxx_explicit_conversions
    Feature record: CXX_FEATURE:1cxx_extended_friend_declarations
    Feature record: CXX_FEATURE:1cxx_extern_templates
    Feature record: CXX_FEATURE:1cxx_final
    Feature record: CXX_FEATURE:1cxx_func_identifier
    Feature record: CXX_FEATURE:1cxx_generalized_initializers
    Feature record: CXX_FEATURE:0cxx_generic_lambdas
    Feature record: CXX_FEATURE:1cxx_inheriting_constructors
    Feature record: CXX_FEATURE:1cxx_inline_namespaces
    Feature record: CXX_FEATURE:1cxx_lambdas
    Feature record: CXX_FEATURE:0cxx_lambda_init_captures
    Feature record: CXX_FEATURE:1cxx_local_type_template_args
    Feature record: CXX_FEATURE:1cxx_long_long_type
    Feature record: CXX_FEATURE:1cxx_noexcept
    Feature record: CXX_FEATURE:1cxx_nonstatic_member_init
    Feature record: CXX_FEATURE:1cxx_nullptr
    Feature record: CXX_FEATURE:1cxx_override
    Feature record: CXX_FEATURE:1cxx_range_for
    Feature record: CXX_FEATURE:1cxx_raw_string_literals
    Feature record: CXX_FEATURE:1cxx_reference_qualified_functions
    Feature record: CXX_FEATURE:0cxx_relaxed_constexpr
    Feature record: CXX_FEATURE:0cxx_return_type_deduction
    Feature record: CXX_FEATURE:1cxx_right_angle_brackets
    Feature record: CXX_FEATURE:1cxx_rvalue_references
    Feature record: CXX_FEATURE:1cxx_sizeof_member
    Feature record: CXX_FEATURE:1cxx_static_assert
    Feature record: CXX_FEATURE:1cxx_strong_enums
    Feature record: CXX_FEATURE:1cxx_template_template_parameters
    Feature record: CXX_FEATURE:1cxx_thread_local
    Feature record: CXX_FEATURE:1cxx_trailing_return_types
    Feature record: CXX_FEATURE:1cxx_unicode_literals
    Feature record: CXX_FEATURE:1cxx_uniform_initialization
    Feature record: CXX_FEATURE:1cxx_unrestricted_unions
    Feature record: CXX_FEATURE:1cxx_user_literals
    Feature record: CXX_FEATURE:0cxx_variable_templates
    Feature record: CXX_FEATURE:1cxx_variadic_macros
    Feature record: CXX_FEATURE:1cxx_variadic_templates


Detecting CXX [-std=c++98] compiler features compiled with the following output:
Change Dir: /home/luis/repos/lulivi-rticonnextdds-examples/examples/connext_dds/property_qos/c++98/buil/CMakeFiles/CMakeTmp

Run Build Command:"/usr/bin/gmake" "cmTC_7c798/fast"
/usr/bin/gmake -f CMakeFiles/cmTC_7c798.dir/build.make CMakeFiles/cmTC_7c798.dir/build
gmake[1]: Entering directory '/home/luis/repos/lulivi-rticonnextdds-examples/examples/connext_dds/property_qos/c++98/buil/CMakeFiles/CMakeTmp'
Building CXX object CMakeFiles/cmTC_7c798.dir/feature_tests.cxx.o
/opt/gcc/10.3.0/bin/g++    -std=c++98 -o CMakeFiles/cmTC_7c798.dir/feature_tests.cxx.o -c /home/luis/repos/lulivi-rticonnextdds-examples/examples/connext_dds/property_qos/c++98/buil/CMakeFiles/feature_tests.cxx
Linking CXX executable cmTC_7c798
/opt/cmake/3.12/bin/cmake -E cmake_link_script CMakeFiles/cmTC_7c798.dir/link.txt --verbose=1
/opt/gcc/10.3.0/bin/g++       CMakeFiles/cmTC_7c798.dir/feature_tests.cxx.o  -o cmTC_7c798 
gmake[1]: Leaving directory '/home/luis/repos/lulivi-rticonnextdds-examples/examples/connext_dds/property_qos/c++98/buil/CMakeFiles/CMakeTmp'


    Feature record: CXX_FEATURE:0cxx_aggregate_default_initializers
    Feature record: CXX_FEATURE:0cxx_alias_templates
    Feature record: CXX_FEATURE:0cxx_alignas
    Feature record: CXX_FEATURE:0cxx_alignof
    Feature record: CXX_FEATURE:0cxx_attributes
    Feature record: CXX_FEATURE:0cxx_attribute_deprecated
    Feature record: CXX_FEATURE:0cxx_auto_type
    Feature record: CXX_FEATURE:0cxx_binary_literals
    Feature record: CXX_FEATURE:0cxx_constexpr
    Feature record: CXX_FEATURE:0cxx_contextual_conversions
    Feature record: CXX_FEATURE:0cxx_decltype
    Feature record: CXX_FEATURE:0cxx_decltype_auto
    Feature record: CXX_FEATURE:0cxx_decltype_incomplete_return_types
    Feature record: CXX_FEATURE:0cxx_default_function_template_args
    Feature record: CXX_FEATURE:0cxx_defaulted_functions
    Feature record: CXX_FEATURE:0cxx_defaulted_move_initializers
    Feature record: CXX_FEATURE:0cxx_delegating_constructors
    Feature record: CXX_FEATURE:0cxx_deleted_functions
    Feature record: CXX_FEATURE:0cxx_digit_separators
    Feature record: CXX_FEATURE:0cxx_enum_forward_declarations
    Feature record: CXX_FEATURE:0cxx_explicit_conversions
    Feature record: CXX_FEATURE:0cxx_extended_friend_declarations
    Feature record: CXX_FEATURE:0cxx_extern_templates
    Feature record: CXX_FEATURE:0cxx_final
    Feature record: CXX_FEATURE:0cxx_func_identifier
    Feature record: CXX_FEATURE:0cxx_generalized_initializers
    Feature record: CXX_FEATURE:0cxx_generic_lambdas
    Feature record: CXX_FEATURE:0cxx_inheriting_constructors
    Feature record: CXX_FEATURE:0cxx_inline_namespaces
    Feature record: CXX_FEATURE:0cxx_lambdas
    Feature record: CXX_FEATURE:0cxx_lambda_init_captures
    Feature record: CXX_FEATURE:0cxx_local_type_template_args
    Feature record: CXX_FEATURE:0cxx_long_long_type
    Feature record: CXX_FEATURE:0cxx_noexcept
    Feature record: CXX_FEATURE:0cxx_nonstatic_member_init
    Feature record: CXX_FEATURE:0cxx_nullptr
    Feature record: CXX_FEATURE:0cxx_override
    Feature record: CXX_FEATURE:0cxx_range_for
    Feature record: CXX_FEATURE:0cxx_raw_string_literals
    Feature record: CXX_FEATURE:0cxx_reference_qualified_functions
    Feature record: CXX_FEATURE:0cxx_relaxed_constexpr
    Feature record: CXX_FEATURE:0cxx_return_type_deduction
    Feature record: CXX_FEATURE:0cxx_right_angle_brackets
    Feature record: CXX_FEATURE:0cxx_rvalue_references
    Feature record: CXX_FEATURE:0cxx_sizeof_member
    Feature record: CXX_FEATURE:0cxx_static_assert
    Feature record: CXX_FEATURE:0cxx_strong_enums
    Feature record: CXX_FEATURE:1cxx_template_template_parameters
    Feature record: CXX_FEATURE:0cxx_thread_local
    Feature record: CXX_FEATURE:0cxx_trailing_return_types
    Feature record: CXX_FEATURE:0cxx_unicode_literals
    Feature record: CXX_FEATURE:0cxx_uniform_initialization
    Feature record: CXX_FEATURE:0cxx_unrestricted_unions
    Feature record: CXX_FEATURE:0cxx_user_literals
    Feature record: CXX_FEATURE:0cxx_variable_templates
    Feature record: CXX_FEATURE:0cxx_variadic_macros
    Feature record: CXX_FEATURE:0cxx_variadic_templates
